{"/Users/aleksandrzaharov/Documents/web/js-gendiff/src/generateAst.js": {"path":"/Users/aleksandrzaharov/Documents/web/js-gendiff/src/generateAst.js","statementMap":{"0":{"start":{"line":3,"column":20},"end":{"line":28,"column":1}},"1":{"start":{"line":4,"column":21},"end":{"line":4,"column":76}},"2":{"start":{"line":5,"column":2},"end":{"line":27,"column":5}},"3":{"start":{"line":6,"column":4},"end":{"line":8,"column":5}},"4":{"start":{"line":7,"column":6},"end":{"line":7,"column":60}},"5":{"start":{"line":10,"column":4},"end":{"line":12,"column":5}},"6":{"start":{"line":11,"column":6},"end":{"line":11,"column":64}},"7":{"start":{"line":14,"column":4},"end":{"line":18,"column":5}},"8":{"start":{"line":15,"column":6},"end":{"line":17,"column":8}},"9":{"start":{"line":20,"column":4},"end":{"line":22,"column":5}},"10":{"start":{"line":21,"column":6},"end":{"line":21,"column":85}},"11":{"start":{"line":24,"column":4},"end":{"line":26,"column":6}}},"fnMap":{"0":{"name":"(anonymous_0)","decl":{"start":{"line":3,"column":20},"end":{"line":3,"column":21}},"loc":{"start":{"line":3,"column":39},"end":{"line":28,"column":1}},"line":3},"1":{"name":"(anonymous_1)","decl":{"start":{"line":5,"column":24},"end":{"line":5,"column":25}},"loc":{"start":{"line":5,"column":33},"end":{"line":27,"column":3}},"line":5}},"branchMap":{"0":{"loc":{"start":{"line":6,"column":4},"end":{"line":8,"column":5}},"type":"if","locations":[{"start":{"line":6,"column":4},"end":{"line":8,"column":5}},{"start":{"line":6,"column":4},"end":{"line":8,"column":5}}],"line":6},"1":{"loc":{"start":{"line":10,"column":4},"end":{"line":12,"column":5}},"type":"if","locations":[{"start":{"line":10,"column":4},"end":{"line":12,"column":5}},{"start":{"line":10,"column":4},"end":{"line":12,"column":5}}],"line":10},"2":{"loc":{"start":{"line":10,"column":8},"end":{"line":10,"column":48}},"type":"binary-expr","locations":[{"start":{"line":10,"column":8},"end":{"line":10,"column":26}},{"start":{"line":10,"column":30},"end":{"line":10,"column":48}}],"line":10},"3":{"loc":{"start":{"line":14,"column":4},"end":{"line":18,"column":5}},"type":"if","locations":[{"start":{"line":14,"column":4},"end":{"line":18,"column":5}},{"start":{"line":14,"column":4},"end":{"line":18,"column":5}}],"line":14},"4":{"loc":{"start":{"line":20,"column":4},"end":{"line":22,"column":5}},"type":"if","locations":[{"start":{"line":20,"column":4},"end":{"line":22,"column":5}},{"start":{"line":20,"column":4},"end":{"line":22,"column":5}}],"line":20},"5":{"loc":{"start":{"line":20,"column":8},"end":{"line":20,"column":57}},"type":"binary-expr","locations":[{"start":{"line":20,"column":8},"end":{"line":20,"column":31}},{"start":{"line":20,"column":35},"end":{"line":20,"column":57}}],"line":20}},"s":{"0":1,"1":12,"2":12,"3":48,"4":15,"5":33,"6":6,"7":27,"8":9,"9":18,"10":9,"11":9},"f":{"0":12,"1":48},"b":{"0":[15,33],"1":[6,27],"2":[33,33],"3":[9,18],"4":[9,9],"5":[18,12]},"inputSourceMap":null,"_coverageSchema":"1a1c01bbd47fc00a2c39e90264f33305004495a9","hash":"554b0d9752dfd828a04541550d09475a6ac19c2d"}
,"/Users/aleksandrzaharov/Documents/web/js-gendiff/src/index.js": {"path":"/Users/aleksandrzaharov/Documents/web/js-gendiff/src/index.js","statementMap":{"0":{"start":{"line":7,"column":16},"end":{"line":16,"column":1}},"1":{"start":{"line":8,"column":20},"end":{"line":8,"column":73}},"2":{"start":{"line":9,"column":21},"end":{"line":9,"column":75}},"3":{"start":{"line":10,"column":26},"end":{"line":10,"column":62}},"4":{"start":{"line":11,"column":27},"end":{"line":11,"column":64}},"5":{"start":{"line":12,"column":26},"end":{"line":12,"column":59}},"6":{"start":{"line":13,"column":27},"end":{"line":13,"column":62}},"7":{"start":{"line":14,"column":14},"end":{"line":14,"column":60}},"8":{"start":{"line":15,"column":2},"end":{"line":15,"column":29}}},"fnMap":{"0":{"name":"(anonymous_0)","decl":{"start":{"line":7,"column":16},"end":{"line":7,"column":17}},"loc":{"start":{"line":7,"column":70},"end":{"line":16,"column":1}},"line":7}},"branchMap":{"0":{"loc":{"start":{"line":7,"column":48},"end":{"line":7,"column":65}},"type":"default-arg","locations":[{"start":{"line":7,"column":57},"end":{"line":7,"column":65}}],"line":7}},"s":{"0":1,"1":3,"2":3,"3":3,"4":3,"5":3,"6":3,"7":3,"8":3},"f":{"0":3},"b":{"0":[1]},"inputSourceMap":null,"_coverageSchema":"1a1c01bbd47fc00a2c39e90264f33305004495a9","hash":"23d1fd79588750fd0a7a343e17a7ef2da5ad0cae"}
,"/Users/aleksandrzaharov/Documents/web/js-gendiff/src/parsers.js": {"path":"/Users/aleksandrzaharov/Documents/web/js-gendiff/src/parsers.js","statementMap":{"0":{"start":{"line":4,"column":16},"end":{"line":9,"column":1}},"1":{"start":{"line":11,"column":35},"end":{"line":11,"column":58}}},"fnMap":{"0":{"name":"(anonymous_0)","decl":{"start":{"line":11,"column":15},"end":{"line":11,"column":16}},"loc":{"start":{"line":11,"column":35},"end":{"line":11,"column":58}},"line":11}},"branchMap":{},"s":{"0":1,"1":6},"f":{"0":6},"b":{},"inputSourceMap":null,"_coverageSchema":"1a1c01bbd47fc00a2c39e90264f33305004495a9","hash":"3bb0fa6fdbc812eb5725fffaa347db8fa1567627"}
,"/Users/aleksandrzaharov/Documents/web/js-gendiff/src/formatters/index.js": {"path":"/Users/aleksandrzaharov/Documents/web/js-gendiff/src/formatters/index.js","statementMap":{"0":{"start":{"line":5,"column":15},"end":{"line":16,"column":1}},"1":{"start":{"line":6,"column":2},"end":{"line":15,"column":3}},"2":{"start":{"line":8,"column":6},"end":{"line":8,"column":39}},"3":{"start":{"line":10,"column":6},"end":{"line":10,"column":38}},"4":{"start":{"line":12,"column":6},"end":{"line":12,"column":37}},"5":{"start":{"line":14,"column":6},"end":{"line":14,"column":50}}},"fnMap":{"0":{"name":"(anonymous_0)","decl":{"start":{"line":5,"column":15},"end":{"line":5,"column":16}},"loc":{"start":{"line":5,"column":32},"end":{"line":16,"column":1}},"line":5}},"branchMap":{"0":{"loc":{"start":{"line":6,"column":2},"end":{"line":15,"column":3}},"type":"switch","locations":[{"start":{"line":7,"column":4},"end":{"line":8,"column":39}},{"start":{"line":9,"column":4},"end":{"line":10,"column":38}},{"start":{"line":11,"column":4},"end":{"line":12,"column":37}},{"start":{"line":13,"column":4},"end":{"line":14,"column":50}}],"line":6}},"s":{"0":1,"1":3,"2":1,"3":1,"4":1,"5":0},"f":{"0":3},"b":{"0":[1,1,1,0]},"inputSourceMap":null,"_coverageSchema":"1a1c01bbd47fc00a2c39e90264f33305004495a9","hash":"bacdac46c5bc15e661e05448413af9516cb1f237"}
,"/Users/aleksandrzaharov/Documents/web/js-gendiff/src/formatters/json.js": {"path":"/Users/aleksandrzaharov/Documents/web/js-gendiff/src/formatters/json.js","statementMap":{"0":{"start":{"line":1,"column":24},"end":{"line":1,"column":49}}},"fnMap":{"0":{"name":"(anonymous_0)","decl":{"start":{"line":1,"column":15},"end":{"line":1,"column":16}},"loc":{"start":{"line":1,"column":24},"end":{"line":1,"column":49}},"line":1}},"branchMap":{},"s":{"0":1},"f":{"0":1},"b":{},"inputSourceMap":null,"_coverageSchema":"1a1c01bbd47fc00a2c39e90264f33305004495a9","hash":"d2567efbf9b44a1ac58bc2f57c4d76a74854c83d"}
,"/Users/aleksandrzaharov/Documents/web/js-gendiff/src/formatters/plain.js": {"path":"/Users/aleksandrzaharov/Documents/web/js-gendiff/src/formatters/plain.js","statementMap":{"0":{"start":{"line":3,"column":17},"end":{"line":11,"column":1}},"1":{"start":{"line":4,"column":2},"end":{"line":6,"column":3}},"2":{"start":{"line":5,"column":4},"end":{"line":5,"column":24}},"3":{"start":{"line":7,"column":2},"end":{"line":9,"column":3}},"4":{"start":{"line":8,"column":4},"end":{"line":8,"column":29}},"5":{"start":{"line":10,"column":2},"end":{"line":10,"column":15}},"6":{"start":{"line":13,"column":28},"end":{"line":39,"column":1}},"7":{"start":{"line":14,"column":17},"end":{"line":37,"column":8}},"8":{"start":{"line":15,"column":24},"end":{"line":15,"column":50}},"9":{"start":{"line":16,"column":23},"end":{"line":16,"column":48}},"10":{"start":{"line":17,"column":25},"end":{"line":17,"column":50}},"11":{"start":{"line":18,"column":4},"end":{"line":35,"column":5}},"12":{"start":{"line":20,"column":8},"end":{"line":20,"column":83}},"13":{"start":{"line":21,"column":8},"end":{"line":21,"column":14}},"14":{"start":{"line":23,"column":8},"end":{"line":23,"column":59}},"15":{"start":{"line":24,"column":8},"end":{"line":24,"column":14}},"16":{"start":{"line":26,"column":8},"end":{"line":26,"column":19}},"17":{"start":{"line":28,"column":8},"end":{"line":28,"column":97}},"18":{"start":{"line":29,"column":8},"end":{"line":29,"column":14}},"19":{"start":{"line":31,"column":8},"end":{"line":31,"column":73}},"20":{"start":{"line":32,"column":8},"end":{"line":32,"column":14}},"21":{"start":{"line":34,"column":8},"end":{"line":34,"column":53}},"22":{"start":{"line":36,"column":4},"end":{"line":36,"column":15}},"23":{"start":{"line":38,"column":2},"end":{"line":38,"column":27}}},"fnMap":{"0":{"name":"(anonymous_0)","decl":{"start":{"line":3,"column":17},"end":{"line":3,"column":18}},"loc":{"start":{"line":3,"column":28},"end":{"line":11,"column":1}},"line":3},"1":{"name":"(anonymous_1)","decl":{"start":{"line":13,"column":28},"end":{"line":13,"column":29}},"loc":{"start":{"line":13,"column":53},"end":{"line":39,"column":1}},"line":13},"2":{"name":"(anonymous_2)","decl":{"start":{"line":14,"column":28},"end":{"line":14,"column":29}},"loc":{"start":{"line":14,"column":43},"end":{"line":37,"column":3}},"line":14}},"branchMap":{"0":{"loc":{"start":{"line":4,"column":2},"end":{"line":6,"column":3}},"type":"if","locations":[{"start":{"line":4,"column":2},"end":{"line":6,"column":3}},{"start":{"line":4,"column":2},"end":{"line":6,"column":3}}],"line":4},"1":{"loc":{"start":{"line":7,"column":2},"end":{"line":9,"column":3}},"type":"if","locations":[{"start":{"line":7,"column":2},"end":{"line":9,"column":3}},{"start":{"line":7,"column":2},"end":{"line":9,"column":3}}],"line":7},"2":{"loc":{"start":{"line":13,"column":34},"end":{"line":13,"column":48}},"type":"default-arg","locations":[{"start":{"line":13,"column":46},"end":{"line":13,"column":48}}],"line":13},"3":{"loc":{"start":{"line":18,"column":4},"end":{"line":35,"column":5}},"type":"switch","locations":[{"start":{"line":19,"column":6},"end":{"line":21,"column":14}},{"start":{"line":22,"column":6},"end":{"line":24,"column":14}},{"start":{"line":25,"column":6},"end":{"line":26,"column":19}},{"start":{"line":27,"column":6},"end":{"line":29,"column":14}},{"start":{"line":30,"column":6},"end":{"line":32,"column":14}},{"start":{"line":33,"column":6},"end":{"line":34,"column":53}}],"line":18}},"s":{"0":1,"1":32,"2":11,"3":21,"4":5,"5":16,"6":1,"7":4,"8":16,"9":16,"10":16,"11":16,"12":5,"13":5,"14":2,"15":2,"16":3,"17":3,"18":3,"19":3,"20":3,"21":0,"22":13,"23":4},"f":{"0":32,"1":4,"2":16},"b":{"0":[11,21],"1":[5,16],"2":[1],"3":[5,2,3,3,3,0]},"inputSourceMap":null,"_coverageSchema":"1a1c01bbd47fc00a2c39e90264f33305004495a9","hash":"a277aac4c7c163132f68b23246ab059aab1fd518"}
,"/Users/aleksandrzaharov/Documents/web/js-gendiff/src/formatters/pretty.js": {"path":"/Users/aleksandrzaharov/Documents/web/js-gendiff/src/formatters/pretty.js","statementMap":{"0":{"start":{"line":3,"column":22},"end":{"line":3,"column":23}},"1":{"start":{"line":5,"column":21},"end":{"line":10,"column":1}},"2":{"start":{"line":6,"column":2},"end":{"line":8,"column":3}},"3":{"start":{"line":7,"column":4},"end":{"line":7,"column":16}},"4":{"start":{"line":9,"column":2},"end":{"line":9,"column":33}},"5":{"start":{"line":12,"column":22},"end":{"line":23,"column":1}},"6":{"start":{"line":13,"column":15},"end":{"line":13,"column":32}},"7":{"start":{"line":14,"column":17},"end":{"line":14,"column":57}},"8":{"start":{"line":15,"column":17},"end":{"line":21,"column":4}},"9":{"start":{"line":16,"column":26},"end":{"line":16,"column":72}},"10":{"start":{"line":17,"column":4},"end":{"line":19,"column":5}},"11":{"start":{"line":18,"column":6},"end":{"line":18,"column":85}},"12":{"start":{"line":20,"column":4},"end":{"line":20,"column":50}},"13":{"start":{"line":22,"column":2},"end":{"line":22,"column":47}},"14":{"start":{"line":25,"column":17},"end":{"line":26,"column":79}},"15":{"start":{"line":26,"column":2},"end":{"line":26,"column":78}},"16":{"start":{"line":28,"column":29},"end":{"line":49,"column":1}},"17":{"start":{"line":29,"column":17},"end":{"line":29,"column":57}},"18":{"start":{"line":30,"column":17},"end":{"line":47,"column":4}},"19":{"start":{"line":31,"column":24},"end":{"line":31,"column":68}},"20":{"start":{"line":32,"column":23},"end":{"line":32,"column":66}},"21":{"start":{"line":33,"column":4},"end":{"line":46,"column":5}},"22":{"start":{"line":35,"column":8},"end":{"line":35,"column":57}},"23":{"start":{"line":37,"column":8},"end":{"line":37,"column":58}},"24":{"start":{"line":39,"column":8},"end":{"line":39,"column":58}},"25":{"start":{"line":41,"column":8},"end":{"line":41,"column":99}},"26":{"start":{"line":43,"column":8},"end":{"line":43,"column":100}},"27":{"start":{"line":45,"column":8},"end":{"line":45,"column":53}},"28":{"start":{"line":48,"column":2},"end":{"line":48,"column":47}}},"fnMap":{"0":{"name":"(anonymous_0)","decl":{"start":{"line":5,"column":21},"end":{"line":5,"column":22}},"loc":{"start":{"line":5,"column":31},"end":{"line":10,"column":1}},"line":5},"1":{"name":"(anonymous_1)","decl":{"start":{"line":12,"column":22},"end":{"line":12,"column":23}},"loc":{"start":{"line":12,"column":46},"end":{"line":23,"column":1}},"line":12},"2":{"name":"(anonymous_2)","decl":{"start":{"line":15,"column":26},"end":{"line":15,"column":27}},"loc":{"start":{"line":15,"column":35},"end":{"line":21,"column":3}},"line":15},"3":{"name":"(anonymous_3)","decl":{"start":{"line":25,"column":17},"end":{"line":25,"column":18}},"loc":{"start":{"line":26,"column":2},"end":{"line":26,"column":78}},"line":26},"4":{"name":"(anonymous_4)","decl":{"start":{"line":28,"column":29},"end":{"line":28,"column":30}},"loc":{"start":{"line":28,"column":56},"end":{"line":49,"column":1}},"line":28},"5":{"name":"(anonymous_5)","decl":{"start":{"line":30,"column":25},"end":{"line":30,"column":26}},"loc":{"start":{"line":30,"column":35},"end":{"line":47,"column":3}},"line":30}},"branchMap":{"0":{"loc":{"start":{"line":6,"column":2},"end":{"line":8,"column":3}},"type":"if","locations":[{"start":{"line":6,"column":2},"end":{"line":8,"column":3}},{"start":{"line":6,"column":2},"end":{"line":8,"column":3}}],"line":6},"1":{"loc":{"start":{"line":9,"column":9},"end":{"line":9,"column":32}},"type":"cond-expr","locations":[{"start":{"line":9,"column":16},"end":{"line":9,"column":22}},{"start":{"line":9,"column":25},"end":{"line":9,"column":32}}],"line":9},"2":{"loc":{"start":{"line":17,"column":4},"end":{"line":19,"column":5}},"type":"if","locations":[{"start":{"line":17,"column":4},"end":{"line":19,"column":5}},{"start":{"line":17,"column":4},"end":{"line":19,"column":5}}],"line":17},"3":{"loc":{"start":{"line":26,"column":2},"end":{"line":26,"column":78}},"type":"cond-expr","locations":[{"start":{"line":26,"column":22},"end":{"line":26,"column":56}},{"start":{"line":26,"column":59},"end":{"line":26,"column":78}}],"line":26},"4":{"loc":{"start":{"line":28,"column":35},"end":{"line":28,"column":51}},"type":"default-arg","locations":[{"start":{"line":28,"column":50},"end":{"line":28,"column":51}}],"line":28},"5":{"loc":{"start":{"line":33,"column":4},"end":{"line":46,"column":5}},"type":"switch","locations":[{"start":{"line":34,"column":6},"end":{"line":35,"column":57}},{"start":{"line":36,"column":6},"end":{"line":37,"column":58}},{"start":{"line":38,"column":6},"end":{"line":39,"column":58}},{"start":{"line":40,"column":6},"end":{"line":41,"column":99}},{"start":{"line":42,"column":6},"end":{"line":43,"column":100}},{"start":{"line":44,"column":6},"end":{"line":45,"column":53}}],"line":33}},"s":{"0":1,"1":1,"2":27,"3":25,"4":2,"5":1,"6":5,"7":5,"8":5,"9":5,"10":5,"11":0,"12":5,"13":5,"14":1,"15":32,"16":1,"17":4,"18":4,"19":16,"20":16,"21":16,"22":5,"23":2,"24":3,"25":3,"26":3,"27":0,"28":4},"f":{"0":27,"1":5,"2":5,"3":32,"4":4,"5":16},"b":{"0":[25,2],"1":[1,1],"2":[0,5],"3":[5,27],"4":[1],"5":[5,2,3,3,3,0]},"inputSourceMap":null,"_coverageSchema":"1a1c01bbd47fc00a2c39e90264f33305004495a9","hash":"2b07dad26b23af5648c67fc716cd1e92bc413545"}
}
