{"/Users/aleksandrzaharov/Documents/web/js-gendiff/src/generateAst.js": {"path":"/Users/aleksandrzaharov/Documents/web/js-gendiff/src/generateAst.js","statementMap":{"0":{"start":{"line":1,"column":0},"end":{"line":1,"column":23}},"1":{"start":{"line":2,"column":0},"end":{"line":2,"column":0}},"2":{"start":{"line":3,"column":0},"end":{"line":3,"column":40}},"3":{"start":{"line":4,"column":0},"end":{"line":4,"column":77}},"4":{"start":{"line":5,"column":0},"end":{"line":5,"column":34}},"5":{"start":{"line":6,"column":0},"end":{"line":6,"column":30}},"6":{"start":{"line":7,"column":0},"end":{"line":7,"column":60}},"7":{"start":{"line":8,"column":0},"end":{"line":8,"column":5}},"8":{"start":{"line":9,"column":0},"end":{"line":9,"column":0}},"9":{"start":{"line":10,"column":0},"end":{"line":10,"column":51}},"10":{"start":{"line":11,"column":0},"end":{"line":11,"column":64}},"11":{"start":{"line":12,"column":0},"end":{"line":12,"column":5}},"12":{"start":{"line":13,"column":0},"end":{"line":13,"column":0}},"13":{"start":{"line":14,"column":0},"end":{"line":14,"column":37}},"14":{"start":{"line":15,"column":0},"end":{"line":15,"column":14}},"15":{"start":{"line":16,"column":0},"end":{"line":16,"column":81}},"16":{"start":{"line":17,"column":0},"end":{"line":17,"column":8}},"17":{"start":{"line":18,"column":0},"end":{"line":18,"column":5}},"18":{"start":{"line":19,"column":0},"end":{"line":19,"column":0}},"19":{"start":{"line":20,"column":0},"end":{"line":20,"column":60}},"20":{"start":{"line":21,"column":0},"end":{"line":21,"column":85}},"21":{"start":{"line":22,"column":0},"end":{"line":22,"column":5}},"22":{"start":{"line":23,"column":0},"end":{"line":23,"column":0}},"23":{"start":{"line":24,"column":0},"end":{"line":24,"column":12}},"24":{"start":{"line":25,"column":0},"end":{"line":25,"column":77}},"25":{"start":{"line":26,"column":0},"end":{"line":26,"column":6}},"26":{"start":{"line":27,"column":0},"end":{"line":27,"column":5}},"27":{"start":{"line":28,"column":0},"end":{"line":28,"column":2}},"28":{"start":{"line":29,"column":0},"end":{"line":29,"column":0}},"29":{"start":{"line":30,"column":0},"end":{"line":30,"column":27}}},"s":{"0":12,"1":12,"2":12,"3":12,"4":15,"5":48,"6":48,"7":6,"8":6,"9":48,"10":48,"11":9,"12":9,"13":9,"14":9,"15":48,"16":9,"17":9,"18":9,"19":9,"20":9,"21":9,"22":9,"23":48,"24":1,"25":1,"26":1,"27":1,"28":1,"29":1},"branchMap":{"0":{"type":"branch","line":1,"loc":{"start":{"line":1,"column":0},"end":{"line":25,"column":34}},"locations":[{"start":{"line":1,"column":0},"end":{"line":25,"column":34}}]},"1":{"type":"branch","line":1,"loc":{"start":{"line":1,"column":0},"end":{"line":25,"column":3}},"locations":[{"start":{"line":1,"column":0},"end":{"line":25,"column":3}}]},"2":{"type":"branch","line":4,"loc":{"start":{"line":4,"column":13},"end":{"line":24,"column":12}},"locations":[{"start":{"line":4,"column":13},"end":{"line":24,"column":12}}]},"3":{"type":"branch","line":4,"loc":{"start":{"line":4,"column":53},"end":{"line":6,"column":8}},"locations":[{"start":{"line":4,"column":53},"end":{"line":6,"column":8}}]},"4":{"type":"branch","line":6,"loc":{"start":{"line":6,"column":8},"end":{"line":7,"column":27}},"locations":[{"start":{"line":6,"column":8},"end":{"line":7,"column":27}}]},"5":{"type":"branch","line":7,"loc":{"start":{"line":7,"column":29},"end":{"line":10,"column":33}},"locations":[{"start":{"line":7,"column":29},"end":{"line":10,"column":33}}]},"6":{"type":"branch","line":10,"loc":{"start":{"line":10,"column":33},"end":{"line":11,"column":19}},"locations":[{"start":{"line":10,"column":33},"end":{"line":11,"column":19}}]},"7":{"type":"branch","line":11,"loc":{"start":{"line":11,"column":19},"end":{"line":16,"column":7}},"locations":[{"start":{"line":11,"column":19},"end":{"line":16,"column":7}}]},"8":{"type":"branch","line":16,"loc":{"start":{"line":16,"column":7},"end":{"line":16,"column":41}},"locations":[{"start":{"line":16,"column":7},"end":{"line":16,"column":41}}]},"9":{"type":"branch","line":16,"loc":{"start":{"line":16,"column":41},"end":{"line":16,"column":66}},"locations":[{"start":{"line":16,"column":41},"end":{"line":16,"column":66}}]},"10":{"type":"branch","line":16,"loc":{"start":{"line":16,"column":68},"end":{"line":24,"column":11}},"locations":[{"start":{"line":16,"column":68},"end":{"line":24,"column":11}}]}},"b":{"0":[1],"1":[12],"2":[48],"3":[15],"4":[33],"5":[6],"6":[27],"7":[9],"8":[18],"9":[12],"10":[9]},"fnMap":{"0":{"name":"generateAst","decl":{"start":{"line":1,"column":0},"end":{"line":25,"column":3}},"loc":{"start":{"line":1,"column":0},"end":{"line":25,"column":3}},"line":1}},"f":{"0":12}}
,"/Users/aleksandrzaharov/Documents/web/js-gendiff/src/index.js": {"path":"/Users/aleksandrzaharov/Documents/web/js-gendiff/src/index.js","statementMap":{"0":{"start":{"line":1,"column":0},"end":{"line":1,"column":20}},"1":{"start":{"line":2,"column":0},"end":{"line":2,"column":24}},"2":{"start":{"line":3,"column":0},"end":{"line":3,"column":33}},"3":{"start":{"line":4,"column":0},"end":{"line":4,"column":43}},"4":{"start":{"line":5,"column":0},"end":{"line":5,"column":43}},"5":{"start":{"line":6,"column":0},"end":{"line":6,"column":0}},"6":{"start":{"line":7,"column":0},"end":{"line":7,"column":71}},"7":{"start":{"line":8,"column":0},"end":{"line":8,"column":74}},"8":{"start":{"line":9,"column":0},"end":{"line":9,"column":76}},"9":{"start":{"line":10,"column":0},"end":{"line":10,"column":63}},"10":{"start":{"line":11,"column":0},"end":{"line":11,"column":65}},"11":{"start":{"line":12,"column":0},"end":{"line":12,"column":60}},"12":{"start":{"line":13,"column":0},"end":{"line":13,"column":63}},"13":{"start":{"line":14,"column":0},"end":{"line":14,"column":61}},"14":{"start":{"line":15,"column":0},"end":{"line":15,"column":29}},"15":{"start":{"line":16,"column":0},"end":{"line":16,"column":2}},"16":{"start":{"line":17,"column":0},"end":{"line":17,"column":0}},"17":{"start":{"line":18,"column":0},"end":{"line":18,"column":23}}},"s":{"0":1,"1":1,"2":1,"3":1,"4":3,"5":3,"6":3,"7":3,"8":3,"9":3,"10":3,"11":3,"12":3,"13":1,"14":1,"15":1,"16":1,"17":1},"branchMap":{"0":{"type":"branch","line":1,"loc":{"start":{"line":1,"column":0},"end":{"line":14,"column":31}},"locations":[{"start":{"line":1,"column":0},"end":{"line":14,"column":31}}]},"1":{"type":"branch","line":4,"loc":{"start":{"line":4,"column":16},"end":{"line":14,"column":4}},"locations":[{"start":{"line":4,"column":16},"end":{"line":14,"column":4}}]}},"b":{"0":[1],"1":[3]},"fnMap":{"0":{"name":"genDiff","decl":{"start":{"line":4,"column":16},"end":{"line":14,"column":4}},"loc":{"start":{"line":4,"column":16},"end":{"line":14,"column":4}},"line":4}},"f":{"0":3}}
,"/Users/aleksandrzaharov/Documents/web/js-gendiff/src/parsers.js": {"path":"/Users/aleksandrzaharov/Documents/web/js-gendiff/src/parsers.js","statementMap":{"0":{"start":{"line":1,"column":0},"end":{"line":1,"column":27}},"1":{"start":{"line":2,"column":0},"end":{"line":2,"column":22}},"2":{"start":{"line":3,"column":0},"end":{"line":3,"column":0}},"3":{"start":{"line":4,"column":0},"end":{"line":4,"column":17}},"4":{"start":{"line":5,"column":0},"end":{"line":5,"column":19}},"5":{"start":{"line":6,"column":0},"end":{"line":6,"column":21}},"6":{"start":{"line":7,"column":0},"end":{"line":7,"column":22}},"7":{"start":{"line":8,"column":0},"end":{"line":8,"column":17}},"8":{"start":{"line":9,"column":0},"end":{"line":9,"column":2}},"9":{"start":{"line":10,"column":0},"end":{"line":10,"column":0}},"10":{"start":{"line":11,"column":0},"end":{"line":11,"column":59}}},"s":{"0":1,"1":1,"2":1,"3":1,"4":1,"5":6,"6":1,"7":1,"8":1,"9":1,"10":1},"branchMap":{"0":{"type":"branch","line":1,"loc":{"start":{"line":1,"column":0},"end":{"line":7,"column":16}},"locations":[{"start":{"line":1,"column":0},"end":{"line":7,"column":16}}]},"1":{"type":"branch","line":5,"loc":{"start":{"line":5,"column":13},"end":{"line":7,"column":14}},"locations":[{"start":{"line":5,"column":13},"end":{"line":7,"column":14}}]}},"b":{"0":[1],"1":[6]},"fnMap":{"0":{"name":"default","decl":{"start":{"line":5,"column":13},"end":{"line":7,"column":14}},"loc":{"start":{"line":5,"column":13},"end":{"line":7,"column":14}},"line":5}},"f":{"0":6}}
,"/Users/aleksandrzaharov/Documents/web/js-gendiff/src/formatters/index.js": {"path":"/Users/aleksandrzaharov/Documents/web/js-gendiff/src/formatters/index.js","statementMap":{"0":{"start":{"line":1,"column":0},"end":{"line":1,"column":47}},"1":{"start":{"line":2,"column":0},"end":{"line":2,"column":45}},"2":{"start":{"line":3,"column":0},"end":{"line":3,"column":43}},"3":{"start":{"line":4,"column":0},"end":{"line":4,"column":0}},"4":{"start":{"line":5,"column":0},"end":{"line":5,"column":33}},"5":{"start":{"line":6,"column":0},"end":{"line":6,"column":19}},"6":{"start":{"line":7,"column":0},"end":{"line":7,"column":18}},"7":{"start":{"line":8,"column":0},"end":{"line":8,"column":39}},"8":{"start":{"line":9,"column":0},"end":{"line":9,"column":17}},"9":{"start":{"line":10,"column":0},"end":{"line":10,"column":38}},"10":{"start":{"line":11,"column":0},"end":{"line":11,"column":16}},"11":{"start":{"line":12,"column":0},"end":{"line":12,"column":37}},"12":{"start":{"line":13,"column":0},"end":{"line":13,"column":12}},"13":{"start":{"line":14,"column":0},"end":{"line":14,"column":50}},"14":{"start":{"line":15,"column":0},"end":{"line":15,"column":3}},"15":{"start":{"line":16,"column":0},"end":{"line":16,"column":2}},"16":{"start":{"line":17,"column":0},"end":{"line":17,"column":0}},"17":{"start":{"line":18,"column":0},"end":{"line":18,"column":22}}},"s":{"0":1,"1":1,"2":3,"3":1,"4":3,"5":1,"6":1,"7":3,"8":1,"9":3,"10":0,"11":1,"12":1,"13":1,"14":1,"15":1,"16":1,"17":1},"branchMap":{"0":{"type":"branch","line":1,"loc":{"start":{"line":1,"column":0},"end":{"line":13,"column":6}},"locations":[{"start":{"line":1,"column":0},"end":{"line":13,"column":6}}]},"1":{"type":"branch","line":2,"loc":{"start":{"line":2,"column":17},"end":{"line":12,"column":18}},"locations":[{"start":{"line":2,"column":17},"end":{"line":12,"column":18}}]},"2":{"type":"branch","line":3,"loc":{"start":{"line":3,"column":14},"end":{"line":5,"column":23}},"locations":[{"start":{"line":3,"column":14},"end":{"line":5,"column":23}}]},"3":{"type":"branch","line":5,"loc":{"start":{"line":5,"column":28},"end":{"line":8,"column":7}},"locations":[{"start":{"line":5,"column":28},"end":{"line":8,"column":7}}]},"4":{"type":"branch","line":8,"loc":{"start":{"line":8,"column":12},"end":{"line":10,"column":4}},"locations":[{"start":{"line":8,"column":12},"end":{"line":10,"column":4}}]},"5":{"type":"branch","line":10,"loc":{"start":{"line":10,"column":9},"end":{"line":12,"column":12}},"locations":[{"start":{"line":10,"column":9},"end":{"line":12,"column":12}}]}},"b":{"0":[1],"1":[3],"2":[1],"3":[1],"4":[1],"5":[0]},"fnMap":{"0":{"name":"render","decl":{"start":{"line":2,"column":17},"end":{"line":12,"column":18}},"loc":{"start":{"line":2,"column":17},"end":{"line":12,"column":18}},"line":2}},"f":{"0":3}}
,"/Users/aleksandrzaharov/Documents/web/js-gendiff/src/formatters/json.js": {"path":"/Users/aleksandrzaharov/Documents/web/js-gendiff/src/formatters/json.js","statementMap":{"0":{"start":{"line":1,"column":0},"end":{"line":1,"column":50}}},"s":{"0":1},"branchMap":{},"b":{},"fnMap":{},"f":{}}
,"/Users/aleksandrzaharov/Documents/web/js-gendiff/src/formatters/plain.js": {"path":"/Users/aleksandrzaharov/Documents/web/js-gendiff/src/formatters/plain.js","statementMap":{"0":{"start":{"line":1,"column":0},"end":{"line":1,"column":23}},"1":{"start":{"line":2,"column":0},"end":{"line":2,"column":0}},"2":{"start":{"line":3,"column":0},"end":{"line":3,"column":29}},"3":{"start":{"line":4,"column":0},"end":{"line":4,"column":26}},"4":{"start":{"line":5,"column":0},"end":{"line":5,"column":24}},"5":{"start":{"line":6,"column":0},"end":{"line":6,"column":3}},"6":{"start":{"line":7,"column":0},"end":{"line":7,"column":26}},"7":{"start":{"line":8,"column":0},"end":{"line":8,"column":29}},"8":{"start":{"line":9,"column":0},"end":{"line":9,"column":3}},"9":{"start":{"line":10,"column":0},"end":{"line":10,"column":15}},"10":{"start":{"line":11,"column":0},"end":{"line":11,"column":2}},"11":{"start":{"line":12,"column":0},"end":{"line":12,"column":0}},"12":{"start":{"line":13,"column":0},"end":{"line":13,"column":54}},"13":{"start":{"line":14,"column":0},"end":{"line":14,"column":44}},"14":{"start":{"line":15,"column":0},"end":{"line":15,"column":51}},"15":{"start":{"line":16,"column":0},"end":{"line":16,"column":49}},"16":{"start":{"line":17,"column":0},"end":{"line":17,"column":51}},"17":{"start":{"line":18,"column":0},"end":{"line":18,"column":24}},"18":{"start":{"line":19,"column":0},"end":{"line":19,"column":19}},"19":{"start":{"line":20,"column":0},"end":{"line":20,"column":83}},"20":{"start":{"line":21,"column":0},"end":{"line":21,"column":14}},"21":{"start":{"line":22,"column":0},"end":{"line":22,"column":21}},"22":{"start":{"line":23,"column":0},"end":{"line":23,"column":59}},"23":{"start":{"line":24,"column":0},"end":{"line":24,"column":14}},"24":{"start":{"line":25,"column":0},"end":{"line":25,"column":23}},"25":{"start":{"line":26,"column":0},"end":{"line":26,"column":19}},"26":{"start":{"line":27,"column":0},"end":{"line":27,"column":21}},"27":{"start":{"line":28,"column":0},"end":{"line":28,"column":97}},"28":{"start":{"line":29,"column":0},"end":{"line":29,"column":14}},"29":{"start":{"line":30,"column":0},"end":{"line":30,"column":20}},"30":{"start":{"line":31,"column":0},"end":{"line":31,"column":73}},"31":{"start":{"line":32,"column":0},"end":{"line":32,"column":14}},"32":{"start":{"line":33,"column":0},"end":{"line":33,"column":14}},"33":{"start":{"line":34,"column":0},"end":{"line":34,"column":53}},"34":{"start":{"line":35,"column":0},"end":{"line":35,"column":5}},"35":{"start":{"line":36,"column":0},"end":{"line":36,"column":15}},"36":{"start":{"line":37,"column":0},"end":{"line":37,"column":9}},"37":{"start":{"line":38,"column":0},"end":{"line":38,"column":27}},"38":{"start":{"line":39,"column":0},"end":{"line":39,"column":2}},"39":{"start":{"line":40,"column":0},"end":{"line":40,"column":0}},"40":{"start":{"line":41,"column":0},"end":{"line":41,"column":35}}},"s":{"0":32,"1":21,"2":32,"3":5,"4":1,"5":1,"6":1,"7":4,"8":4,"9":4,"10":16,"11":16,"12":16,"13":16,"14":16,"15":16,"16":5,"17":5,"18":5,"19":16,"20":2,"21":16,"22":16,"23":3,"24":3,"25":3,"26":3,"27":16,"28":3,"29":3,"30":16,"31":13,"32":4,"33":1,"34":1,"35":1,"36":1,"37":1,"38":1,"39":1,"40":1},"branchMap":{"0":{"type":"branch","line":1,"loc":{"start":{"line":1,"column":0},"end":{"line":36,"column":5}},"locations":[{"start":{"line":1,"column":0},"end":{"line":36,"column":5}}]},"1":{"type":"branch","line":1,"loc":{"start":{"line":1,"column":0},"end":{"line":5,"column":18}},"locations":[{"start":{"line":1,"column":0},"end":{"line":5,"column":18}}]},"2":{"type":"branch","line":1,"loc":{"start":{"line":1,"column":0},"end":{"line":1,"column":21}},"locations":[{"start":{"line":1,"column":0},"end":{"line":1,"column":21}}]},"3":{"type":"branch","line":1,"loc":{"start":{"line":1,"column":21},"end":{"line":3,"column":22}},"locations":[{"start":{"line":1,"column":21},"end":{"line":3,"column":22}}]},"4":{"type":"branch","line":3,"loc":{"start":{"line":3,"column":22},"end":{"line":5,"column":0}},"locations":[{"start":{"line":3,"column":22},"end":{"line":5,"column":0}}]},"5":{"type":"branch","line":5,"loc":{"start":{"line":5,"column":0},"end":{"line":5,"column":17}},"locations":[{"start":{"line":5,"column":0},"end":{"line":5,"column":17}}]},"6":{"type":"branch","line":7,"loc":{"start":{"line":7,"column":20},"end":{"line":34,"column":26}},"locations":[{"start":{"line":7,"column":20},"end":{"line":34,"column":26}}]},"7":{"type":"branch","line":10,"loc":{"start":{"line":10,"column":14},"end":{"line":33,"column":5}},"locations":[{"start":{"line":10,"column":14},"end":{"line":33,"column":5}}]},"8":{"type":"branch","line":16,"loc":{"start":{"line":16,"column":44},"end":{"line":20,"column":9}},"locations":[{"start":{"line":16,"column":44},"end":{"line":20,"column":9}}]},"9":{"type":"branch","line":20,"loc":{"start":{"line":20,"column":16},"end":{"line":22,"column":7}},"locations":[{"start":{"line":20,"column":16},"end":{"line":22,"column":7}}]},"10":{"type":"branch","line":22,"loc":{"start":{"line":22,"column":14},"end":{"line":23,"column":29}},"locations":[{"start":{"line":22,"column":14},"end":{"line":23,"column":29}}]},"11":{"type":"branch","line":23,"loc":{"start":{"line":23,"column":36},"end":{"line":28,"column":23}},"locations":[{"start":{"line":23,"column":36},"end":{"line":28,"column":23}}]},"12":{"type":"branch","line":28,"loc":{"start":{"line":28,"column":30},"end":{"line":30,"column":20}},"locations":[{"start":{"line":28,"column":30},"end":{"line":30,"column":20}}]},"13":{"type":"branch","line":31,"loc":{"start":{"line":31,"column":6},"end":{"line":31,"column":68}},"locations":[{"start":{"line":31,"column":6},"end":{"line":31,"column":68}}]},"14":{"type":"branch","line":32,"loc":{"start":{"line":32,"column":0},"end":{"line":33,"column":4}},"locations":[{"start":{"line":32,"column":0},"end":{"line":33,"column":4}}]}},"b":{"0":[1],"1":[32],"2":[11],"3":[21],"4":[5],"5":[16],"6":[4],"7":[16],"8":[5],"9":[2],"10":[3],"11":[3],"12":[3],"13":[0],"14":[13]},"fnMap":{"0":{"name":"getValue","decl":{"start":{"line":1,"column":0},"end":{"line":5,"column":18}},"loc":{"start":{"line":1,"column":0},"end":{"line":5,"column":18}},"line":1},"1":{"name":"generatePlainFormat","decl":{"start":{"line":7,"column":20},"end":{"line":34,"column":26}},"loc":{"start":{"line":7,"column":20},"end":{"line":34,"column":26}},"line":7}},"f":{"0":32,"1":4}}
,"/Users/aleksandrzaharov/Documents/web/js-gendiff/src/formatters/pretty.js": {"path":"/Users/aleksandrzaharov/Documents/web/js-gendiff/src/formatters/pretty.js","statementMap":{"0":{"start":{"line":1,"column":0},"end":{"line":1,"column":23}},"1":{"start":{"line":2,"column":0},"end":{"line":2,"column":0}},"2":{"start":{"line":3,"column":0},"end":{"line":3,"column":24}},"3":{"start":{"line":4,"column":0},"end":{"line":4,"column":0}},"4":{"start":{"line":5,"column":0},"end":{"line":5,"column":32}},"5":{"start":{"line":6,"column":0},"end":{"line":6,"column":34}},"6":{"start":{"line":7,"column":0},"end":{"line":7,"column":16}},"7":{"start":{"line":8,"column":0},"end":{"line":8,"column":3}},"8":{"start":{"line":9,"column":0},"end":{"line":9,"column":33}},"9":{"start":{"line":10,"column":0},"end":{"line":10,"column":2}},"10":{"start":{"line":11,"column":0},"end":{"line":11,"column":0}},"11":{"start":{"line":12,"column":0},"end":{"line":12,"column":47}},"12":{"start":{"line":13,"column":0},"end":{"line":13,"column":33}},"13":{"start":{"line":14,"column":0},"end":{"line":14,"column":58}},"14":{"start":{"line":15,"column":0},"end":{"line":15,"column":36}},"15":{"start":{"line":16,"column":0},"end":{"line":16,"column":73}},"16":{"start":{"line":17,"column":0},"end":{"line":17,"column":32}},"17":{"start":{"line":18,"column":0},"end":{"line":18,"column":85}},"18":{"start":{"line":19,"column":0},"end":{"line":19,"column":5}},"19":{"start":{"line":20,"column":0},"end":{"line":20,"column":50}},"20":{"start":{"line":21,"column":0},"end":{"line":21,"column":5}},"21":{"start":{"line":22,"column":0},"end":{"line":22,"column":47}},"22":{"start":{"line":23,"column":0},"end":{"line":23,"column":2}},"23":{"start":{"line":24,"column":0},"end":{"line":24,"column":0}},"24":{"start":{"line":25,"column":0},"end":{"line":25,"column":43}},"25":{"start":{"line":26,"column":0},"end":{"line":26,"column":80}},"26":{"start":{"line":27,"column":0},"end":{"line":27,"column":0}},"27":{"start":{"line":28,"column":0},"end":{"line":28,"column":57}},"28":{"start":{"line":29,"column":0},"end":{"line":29,"column":58}},"29":{"start":{"line":30,"column":0},"end":{"line":30,"column":36}},"30":{"start":{"line":31,"column":0},"end":{"line":31,"column":69}},"31":{"start":{"line":32,"column":0},"end":{"line":32,"column":67}},"32":{"start":{"line":33,"column":0},"end":{"line":33,"column":24}},"33":{"start":{"line":34,"column":0},"end":{"line":34,"column":19}},"34":{"start":{"line":35,"column":0},"end":{"line":35,"column":57}},"35":{"start":{"line":36,"column":0},"end":{"line":36,"column":21}},"36":{"start":{"line":37,"column":0},"end":{"line":37,"column":58}},"37":{"start":{"line":38,"column":0},"end":{"line":38,"column":23}},"38":{"start":{"line":39,"column":0},"end":{"line":39,"column":58}},"39":{"start":{"line":40,"column":0},"end":{"line":40,"column":21}},"40":{"start":{"line":41,"column":0},"end":{"line":41,"column":99}},"41":{"start":{"line":42,"column":0},"end":{"line":42,"column":20}},"42":{"start":{"line":43,"column":0},"end":{"line":43,"column":100}},"43":{"start":{"line":44,"column":0},"end":{"line":44,"column":14}},"44":{"start":{"line":45,"column":0},"end":{"line":45,"column":53}},"45":{"start":{"line":46,"column":0},"end":{"line":46,"column":5}},"46":{"start":{"line":47,"column":0},"end":{"line":47,"column":5}},"47":{"start":{"line":48,"column":0},"end":{"line":48,"column":47}},"48":{"start":{"line":49,"column":0},"end":{"line":49,"column":2}},"49":{"start":{"line":50,"column":0},"end":{"line":50,"column":0}},"50":{"start":{"line":51,"column":0},"end":{"line":51,"column":36}}},"s":{"0":27,"1":27,"2":27,"3":2,"4":27,"5":1,"6":5,"7":5,"8":5,"9":5,"10":5,"11":5,"12":5,"13":5,"14":5,"15":5,"16":0,"17":5,"18":5,"19":1,"20":32,"21":32,"22":5,"23":5,"24":1,"25":1,"26":4,"27":4,"28":16,"29":16,"30":16,"31":16,"32":16,"33":2,"34":16,"35":3,"36":16,"37":3,"38":3,"39":3,"40":16,"41":3,"42":4,"43":4,"44":1,"45":1,"46":1,"47":1,"48":1,"49":1,"50":1},"branchMap":{"0":{"type":"branch","line":1,"loc":{"start":{"line":1,"column":0},"end":{"line":48,"column":0}},"locations":[{"start":{"line":1,"column":0},"end":{"line":48,"column":0}}]},"1":{"type":"branch","line":1,"loc":{"start":{"line":1,"column":0},"end":{"line":6,"column":2}},"locations":[{"start":{"line":1,"column":0},"end":{"line":6,"column":2}}]},"2":{"type":"branch","line":3,"loc":{"start":{"line":3,"column":3},"end":{"line":4,"column":0}},"locations":[{"start":{"line":3,"column":3},"end":{"line":4,"column":0}}]},"3":{"type":"branch","line":4,"loc":{"start":{"line":4,"column":0},"end":{"line":5,"column":14}},"locations":[{"start":{"line":4,"column":0},"end":{"line":5,"column":14}}]},"4":{"type":"branch","line":5,"loc":{"start":{"line":5,"column":14},"end":{"line":5,"column":22}},"locations":[{"start":{"line":5,"column":14},"end":{"line":5,"column":22}}]},"5":{"type":"branch","line":5,"loc":{"start":{"line":5,"column":23},"end":{"line":5,"column":32}},"locations":[{"start":{"line":5,"column":23},"end":{"line":5,"column":32}}]},"6":{"type":"branch","line":6,"loc":{"start":{"line":6,"column":27},"end":{"line":20,"column":17}},"locations":[{"start":{"line":6,"column":27},"end":{"line":20,"column":17}}]},"7":{"type":"branch","line":13,"loc":{"start":{"line":13,"column":30},"end":{"line":18,"column":57}},"locations":[{"start":{"line":13,"column":30},"end":{"line":18,"column":57}}]},"8":{"type":"branch","line":16,"loc":{"start":{"line":16,"column":16},"end":{"line":18,"column":2}},"locations":[{"start":{"line":16,"column":16},"end":{"line":18,"column":2}}]},"9":{"type":"branch","line":20,"loc":{"start":{"line":20,"column":37},"end":{"line":25,"column":34}},"locations":[{"start":{"line":20,"column":37},"end":{"line":25,"column":34}}]},"10":{"type":"branch","line":22,"loc":{"start":{"line":22,"column":27},"end":{"line":25,"column":11}},"locations":[{"start":{"line":22,"column":27},"end":{"line":25,"column":11}}]},"11":{"type":"branch","line":25,"loc":{"start":{"line":25,"column":12},"end":{"line":25,"column":33}},"locations":[{"start":{"line":25,"column":12},"end":{"line":25,"column":33}}]},"12":{"type":"branch","line":26,"loc":{"start":{"line":26,"column":22},"end":{"line":45,"column":26}},"locations":[{"start":{"line":26,"column":22},"end":{"line":45,"column":26}}]},"13":{"type":"branch","line":28,"loc":{"start":{"line":28,"column":53},"end":{"line":43,"column":90}},"locations":[{"start":{"line":28,"column":53},"end":{"line":43,"column":90}}]},"14":{"type":"branch","line":32,"loc":{"start":{"line":32,"column":10},"end":{"line":33,"column":13}},"locations":[{"start":{"line":32,"column":10},"end":{"line":33,"column":13}}]},"15":{"type":"branch","line":33,"loc":{"start":{"line":33,"column":20},"end":{"line":35,"column":49}},"locations":[{"start":{"line":33,"column":20},"end":{"line":35,"column":49}}]},"16":{"type":"branch","line":35,"loc":{"start":{"line":35,"column":56},"end":{"line":37,"column":52}},"locations":[{"start":{"line":35,"column":56},"end":{"line":37,"column":52}}]},"17":{"type":"branch","line":38,"loc":{"start":{"line":38,"column":0},"end":{"line":41,"column":10}},"locations":[{"start":{"line":38,"column":0},"end":{"line":41,"column":10}}]},"18":{"type":"branch","line":41,"loc":{"start":{"line":41,"column":17},"end":{"line":43,"column":11}},"locations":[{"start":{"line":41,"column":17},"end":{"line":43,"column":11}}]},"19":{"type":"branch","line":43,"loc":{"start":{"line":43,"column":18},"end":{"line":43,"column":80}},"locations":[{"start":{"line":43,"column":18},"end":{"line":43,"column":80}}]}},"b":{"0":[1],"1":[27],"2":[25],"3":[2],"4":[1],"5":[1],"6":[5],"7":[5],"8":[0],"9":[32],"10":[5],"11":[27],"12":[4],"13":[16],"14":[5],"15":[2],"16":[3],"17":[3],"18":[3],"19":[0]},"fnMap":{"0":{"name":"boolToString","decl":{"start":{"line":1,"column":0},"end":{"line":6,"column":2}},"loc":{"start":{"line":1,"column":0},"end":{"line":6,"column":2}},"line":1},"1":{"name":"getNestedData","decl":{"start":{"line":6,"column":27},"end":{"line":20,"column":17}},"loc":{"start":{"line":6,"column":27},"end":{"line":20,"column":17}},"line":6},"2":{"name":"getValue","decl":{"start":{"line":20,"column":37},"end":{"line":25,"column":34}},"loc":{"start":{"line":20,"column":37},"end":{"line":25,"column":34}},"line":20},"3":{"name":"generatePrettyFormat","decl":{"start":{"line":26,"column":22},"end":{"line":45,"column":26}},"loc":{"start":{"line":26,"column":22},"end":{"line":45,"column":26}},"line":26}},"f":{"0":27,"1":5,"2":32,"3":4}}
}
