TN:
SF:src/generateAst.js
FN:3,(anonymous_0)
FN:5,(anonymous_1)
FNF:2
FNH:2
FNDA:12,(anonymous_0)
FNDA:48,(anonymous_1)
DA:3,1
DA:4,12
DA:5,12
DA:6,48
DA:7,15
DA:10,33
DA:11,6
DA:14,27
DA:15,9
DA:20,18
DA:21,9
DA:24,9
LF:12
LH:12
BRDA:6,0,0,15
BRDA:6,0,1,33
BRDA:10,1,0,6
BRDA:10,1,1,27
BRDA:10,2,0,33
BRDA:10,2,1,33
BRDA:14,3,0,9
BRDA:14,3,1,18
BRDA:20,4,0,9
BRDA:20,4,1,9
BRDA:20,5,0,18
BRDA:20,5,1,12
BRF:12
BRH:12
end_of_record
TN:
SF:src/index.js
FN:7,(anonymous_0)
FNF:1
FNH:1
FNDA:3,(anonymous_0)
DA:7,1
DA:8,3
DA:9,3
DA:10,3
DA:11,3
DA:12,3
DA:13,3
DA:14,3
DA:15,3
LF:9
LH:9
BRDA:7,0,0,1
BRF:1
BRH:1
end_of_record
TN:
SF:src/parsers.js
FN:11,(anonymous_0)
FNF:1
FNH:1
FNDA:6,(anonymous_0)
DA:4,1
DA:11,6
LF:2
LH:2
BRF:0
BRH:0
end_of_record
TN:
SF:src/formatters/index.js
FN:5,(anonymous_0)
FNF:1
FNH:1
FNDA:3,(anonymous_0)
DA:5,1
DA:6,3
DA:8,1
DA:10,1
DA:12,1
DA:14,0
LF:6
LH:5
BRDA:6,0,0,1
BRDA:6,0,1,1
BRDA:6,0,2,1
BRDA:6,0,3,0
BRF:4
BRH:3
end_of_record
TN:
SF:src/formatters/json.js
FN:1,(anonymous_0)
FNF:1
FNH:1
FNDA:1,(anonymous_0)
DA:1,1
LF:1
LH:1
BRF:0
BRH:0
end_of_record
TN:
SF:src/formatters/plain.js
FN:3,(anonymous_0)
FN:13,(anonymous_1)
FN:14,(anonymous_2)
FNF:3
FNH:3
FNDA:32,(anonymous_0)
FNDA:4,(anonymous_1)
FNDA:16,(anonymous_2)
DA:3,1
DA:4,32
DA:5,11
DA:7,21
DA:8,5
DA:10,16
DA:13,1
DA:14,4
DA:15,16
DA:16,16
DA:17,16
DA:18,16
DA:20,5
DA:21,5
DA:23,2
DA:24,2
DA:26,3
DA:28,3
DA:29,3
DA:31,3
DA:32,3
DA:34,0
DA:36,13
DA:38,4
LF:24
LH:23
BRDA:4,0,0,11
BRDA:4,0,1,21
BRDA:7,1,0,5
BRDA:7,1,1,16
BRDA:13,2,0,1
BRDA:18,3,0,5
BRDA:18,3,1,2
BRDA:18,3,2,3
BRDA:18,3,3,3
BRDA:18,3,4,3
BRDA:18,3,5,0
BRF:11
BRH:10
end_of_record
TN:
SF:src/formatters/pretty.js
FN:5,(anonymous_0)
FN:12,(anonymous_1)
FN:15,(anonymous_2)
FN:25,(anonymous_3)
FN:28,(anonymous_4)
FN:30,(anonymous_5)
FNF:6
FNH:6
FNDA:27,(anonymous_0)
FNDA:5,(anonymous_1)
FNDA:5,(anonymous_2)
FNDA:32,(anonymous_3)
FNDA:4,(anonymous_4)
FNDA:16,(anonymous_5)
DA:3,1
DA:5,1
DA:6,27
DA:7,25
DA:9,2
DA:12,1
DA:13,5
DA:14,5
DA:15,5
DA:16,5
DA:17,5
DA:18,0
DA:20,5
DA:22,5
DA:25,1
DA:26,32
DA:28,1
DA:29,4
DA:30,4
DA:31,16
DA:32,16
DA:33,16
DA:35,5
DA:37,2
DA:39,3
DA:41,3
DA:43,3
DA:45,0
DA:48,4
LF:29
LH:27
BRDA:6,0,0,25
BRDA:6,0,1,2
BRDA:9,1,0,1
BRDA:9,1,1,1
BRDA:17,2,0,0
BRDA:17,2,1,5
BRDA:26,3,0,5
BRDA:26,3,1,27
BRDA:28,4,0,1
BRDA:33,5,0,5
BRDA:33,5,1,2
BRDA:33,5,2,3
BRDA:33,5,3,3
BRDA:33,5,4,3
BRDA:33,5,5,0
BRF:15
BRH:13
end_of_record
