TN:
SF:src/generateAst.js
FN:1,generateAst
FNF:1
FNH:1
FNDA:12,generateAst
DA:1,12
DA:2,12
DA:3,12
DA:4,12
DA:5,15
DA:6,48
DA:7,48
DA:8,6
DA:9,6
DA:10,48
DA:11,48
DA:12,9
DA:13,9
DA:14,9
DA:15,9
DA:16,48
DA:17,9
DA:18,9
DA:19,9
DA:20,9
DA:21,9
DA:22,9
DA:23,9
DA:24,48
DA:25,1
DA:26,1
DA:27,1
DA:28,1
DA:29,1
DA:30,1
LF:30
LH:30
BRDA:1,0,0,1
BRDA:1,1,0,12
BRDA:4,2,0,48
BRDA:4,3,0,15
BRDA:6,4,0,33
BRDA:7,5,0,6
BRDA:10,6,0,27
BRDA:11,7,0,9
BRDA:16,8,0,18
BRDA:16,9,0,12
BRDA:16,10,0,9
BRF:11
BRH:11
end_of_record
TN:
SF:src/index.js
FN:4,genDiff
FNF:1
FNH:1
FNDA:3,genDiff
DA:1,1
DA:2,1
DA:3,1
DA:4,1
DA:5,3
DA:6,3
DA:7,3
DA:8,3
DA:9,3
DA:10,3
DA:11,3
DA:12,3
DA:13,3
DA:14,1
DA:15,1
DA:16,1
DA:17,1
DA:18,1
LF:18
LH:18
BRDA:1,0,0,1
BRDA:4,1,0,3
BRF:2
BRH:2
end_of_record
TN:
SF:src/parsers.js
FN:5,default
FNF:1
FNH:1
FNDA:6,default
DA:1,1
DA:2,1
DA:3,1
DA:4,1
DA:5,1
DA:6,6
DA:7,1
DA:8,1
DA:9,1
DA:10,1
DA:11,1
LF:11
LH:11
BRDA:1,0,0,1
BRDA:5,1,0,6
BRF:2
BRH:2
end_of_record
TN:
SF:src/formatters/index.js
FN:2,render
FNF:1
FNH:1
FNDA:3,render
DA:1,1
DA:2,1
DA:3,3
DA:4,1
DA:5,3
DA:6,1
DA:7,1
DA:8,3
DA:9,1
DA:10,3
DA:11,0
DA:12,1
DA:13,1
DA:14,1
DA:15,1
DA:16,1
DA:17,1
DA:18,1
LF:18
LH:17
BRDA:1,0,0,1
BRDA:2,1,0,3
BRDA:3,2,0,1
BRDA:5,3,0,1
BRDA:8,4,0,1
BRDA:10,5,0,0
BRF:6
BRH:5
end_of_record
TN:
SF:src/formatters/json.js
FNF:0
FNH:0
DA:1,1
LF:1
LH:1
BRF:0
BRH:0
end_of_record
TN:
SF:src/formatters/plain.js
FN:1,getValue
FN:7,generatePlainFormat
FNF:2
FNH:2
FNDA:32,getValue
FNDA:4,generatePlainFormat
DA:1,32
DA:2,21
DA:3,32
DA:4,5
DA:5,1
DA:6,1
DA:7,1
DA:8,4
DA:9,4
DA:10,4
DA:11,16
DA:12,16
DA:13,16
DA:14,16
DA:15,16
DA:16,16
DA:17,5
DA:18,5
DA:19,5
DA:20,16
DA:21,2
DA:22,16
DA:23,16
DA:24,3
DA:25,3
DA:26,3
DA:27,3
DA:28,16
DA:29,3
DA:30,3
DA:31,16
DA:32,13
DA:33,4
DA:34,1
DA:35,1
DA:36,1
DA:37,1
DA:38,1
DA:39,1
DA:40,1
DA:41,1
LF:41
LH:41
BRDA:1,0,0,1
BRDA:1,1,0,32
BRDA:1,2,0,11
BRDA:1,3,0,21
BRDA:3,4,0,5
BRDA:5,5,0,16
BRDA:7,6,0,4
BRDA:10,7,0,16
BRDA:16,8,0,5
BRDA:20,9,0,2
BRDA:22,10,0,3
BRDA:23,11,0,3
BRDA:28,12,0,3
BRDA:31,13,0,0
BRDA:32,14,0,13
BRF:15
BRH:14
end_of_record
TN:
SF:src/formatters/pretty.js
FN:1,boolToString
FN:6,getNestedData
FN:20,getValue
FN:26,generatePrettyFormat
FNF:4
FNH:4
FNDA:27,boolToString
FNDA:5,getNestedData
FNDA:32,getValue
FNDA:4,generatePrettyFormat
DA:1,27
DA:2,27
DA:3,27
DA:4,2
DA:5,27
DA:6,1
DA:7,5
DA:8,5
DA:9,5
DA:10,5
DA:11,5
DA:12,5
DA:13,5
DA:14,5
DA:15,5
DA:16,5
DA:17,0
DA:18,5
DA:19,5
DA:20,1
DA:21,32
DA:22,32
DA:23,5
DA:24,5
DA:25,1
DA:26,1
DA:27,4
DA:28,4
DA:29,16
DA:30,16
DA:31,16
DA:32,16
DA:33,16
DA:34,2
DA:35,16
DA:36,3
DA:37,16
DA:38,3
DA:39,3
DA:40,3
DA:41,16
DA:42,3
DA:43,4
DA:44,4
DA:45,1
DA:46,1
DA:47,1
DA:48,1
DA:49,1
DA:50,1
DA:51,1
LF:51
LH:50
BRDA:1,0,0,1
BRDA:1,1,0,27
BRDA:3,2,0,25
BRDA:4,3,0,2
BRDA:5,4,0,1
BRDA:5,5,0,1
BRDA:6,6,0,5
BRDA:13,7,0,5
BRDA:16,8,0,0
BRDA:20,9,0,32
BRDA:22,10,0,5
BRDA:25,11,0,27
BRDA:26,12,0,4
BRDA:28,13,0,16
BRDA:32,14,0,5
BRDA:33,15,0,2
BRDA:35,16,0,3
BRDA:38,17,0,3
BRDA:41,18,0,3
BRDA:43,19,0,0
BRF:20
BRH:18
end_of_record
